Species: 1(Zr), atom: 1
APW
functions:
l = 0, order = 1:   -1.390000000
l = 0, order = 2:   -1.390000000
l = 1, order = 1:  -0.5087500000
l = 1, order = 2:  -0.5087500000
l = 2, order = 1:   0.3300000000
l = 2, order = 2:   0.3300000000
l = 3, order = 1:   0.1500000000
l = 3, order = 2:   0.1500000000
l = 4, order = 1:   0.1500000000
l = 4, order = 2:   0.1500000000
l = 5, order = 1:   0.1500000000
l = 5, order = 2:   0.1500000000
l = 6, order = 1:   0.1500000000
l = 6, order = 2:   0.1500000000
l = 7, order = 1:   0.1500000000
l = 7, order = 2:   0.1500000000
l = 8, order = 1:   0.1500000000
l = 8, order = 2:   0.1500000000
local - orbital
functions:
l.o. = 1, l = 0, order = 1:   -1.390000000
l.o. = 1, l = 0, order = 2:   -1.390000000
l.o. = 2, l = 0, order = 1:   -1.390000000
l.o. = 2, l = 0, order = 2:   -1.390000000
l.o. = 3, l = 0, order = 1:    3.400000000
l.o. = 3, l = 0, order = 2:    3.400000000
l.o. = 4, l = 0, order = 1:    11.90000000
l.o. = 4, l = 0, order = 2:    11.90000000
l.o. = 5, l = 0, order = 1:    23.60000000
l.o. = 5, l = 0, order = 2:    23.60000000
l.o. = 6, l = 0, order = 1:    38.20000000
l.o. = 6, l = 0, order = 2:    38.20000000
l.o. = 7, l = 0, order = 1:    55.70000000
l.o. = 7, l = 0, order = 2:    55.70000000
l.o. = 8, l = 0, order = 1:    76.00000000
l.o. = 8, l = 0, order = 2:    76.00000000
l.o. = 9, l = 0, order = 1:    98.90000000
l.o. = 9, l = 0, order = 2:    98.90000000
l.o. = 10, l = 1, order = 1:  -0.5087500000
l.o. = 10, l = 1, order = 2:  -0.5087500000
l.o. = 11, l = 1, order = 1:  -0.5087500000
l.o. = 11, l = 1, order = 2:  -0.5087500000
l.o. = 12, l = 1, order = 1:    4.300000000
l.o. = 12, l = 1, order = 2:    4.300000000
l.o. = 13, l = 1, order = 1:    12.70000000
l.o. = 13, l = 1, order = 2:    12.70000000
l.o. = 14, l = 1, order = 1:    24.20000000
l.o. = 14, l = 1, order = 2:    24.20000000
l.o. = 15, l = 1, order = 1:    38.60000000
l.o. = 15, l = 1, order = 2:    38.60000000
l.o. = 16, l = 1, order = 1:    55.70000000
l.o. = 16, l = 1, order = 2:    55.70000000
l.o. = 17, l = 1, order = 1:    75.50000000
l.o. = 17, l = 1, order = 2:    75.50000000
l.o. = 18, l = 1, order = 1:    97.90000000
l.o. = 18, l = 1, order = 2:    97.90000000
l.o. = 19, l = 2, order = 1:   0.3300000000
l.o. = 19, l = 2, order = 2:   0.3300000000
l.o. = 20, l = 2, order = 1:   0.3300000000
l.o. = 20, l = 2, order = 2:   0.3300000000
l.o. = 21, l = 2, order = 1:    5.600000000
l.o. = 21, l = 2, order = 2:    5.600000000
l.o. = 22, l = 2, order = 1:    13.70000000
l.o. = 22, l = 2, order = 2:    13.70000000
l.o. = 23, l = 2, order = 1:    24.50000000
l.o. = 23, l = 2, order = 2:    24.50000000
l.o. = 24, l = 2, order = 1:    38.10000000
l.o. = 24, l = 2, order = 2:    38.10000000
l.o. = 25, l = 2, order = 1:    54.30000000
l.o. = 25, l = 2, order = 2:    54.30000000
l.o. = 26, l = 2, order = 1:    73.10000000
l.o. = 26, l = 2, order = 2:    73.10000000
l.o. = 27, l = 2, order = 1:    94.50000000
l.o. = 27, l = 2, order = 2:    94.50000000

Species: 2(O), atom: 1
APW
functions:
l = 0, order = 1:  -0.4125000000E-01
l = 0, order = 2:  -0.4125000000E-01
l = 1, order = 1:   0.1500000000
l = 1, order = 2:   0.1500000000
l = 2, order = 1:   0.1500000000
l = 2, order = 2:   0.1500000000
l = 3, order = 1:   0.1500000000
l = 3, order = 2:   0.1500000000
l = 4, order = 1:   0.1500000000
l = 4, order = 2:   0.1500000000
l = 5, order = 1:   0.1500000000
l = 5, order = 2:   0.1500000000
l = 6, order = 1:   0.1500000000
l = 6, order = 2:   0.1500000000
l = 7, order = 1:   0.1500000000
l = 7, order = 2:   0.1500000000
l = 8, order = 1:   0.1500000000
l = 8, order = 2:   0.1500000000
local - orbital
functions:
l.o. = 1, l = 0, order = 1:  -0.4125000000E-01
l.o. = 1, l = 0, order = 2:  -0.4125000000E-01
l.o. = 2, l = 0, order = 1:  -0.4125000000E-01
l.o. = 2, l = 0, order = 2:  -0.4125000000E-01
l.o. = 3, l = 0, order = 1:    5.800000000
l.o. = 3, l = 0, order = 2:    5.800000000
l.o. = 4, l = 0, order = 1:    16.70000000
l.o. = 4, l = 0, order = 2:    16.70000000
l.o. = 5, l = 0, order = 1:    31.90000000
l.o. = 5, l = 0, order = 2:    31.90000000
l.o. = 6, l = 0, order = 1:    51.20000000
l.o. = 6, l = 0, order = 2:    51.20000000
l.o. = 7, l = 0, order = 1:    74.60000000
l.o. = 7, l = 0, order = 2:    74.60000000
l.o. = 8, l = 1, order = 1:   0.1500000000
l.o. = 8, l = 1, order = 2:   0.1500000000
l.o. = 9, l = 1, order = 1:   0.1500000000
l.o. = 9, l = 1, order = 2:   0.1500000000
l.o. = 10, l = 1, order = 1:    5.300000000
l.o. = 10, l = 1, order = 2:    5.300000000
l.o. = 11, l = 1, order = 1:    14.60000000
l.o. = 11, l = 1, order = 2:    14.60000000
l.o. = 12, l = 1, order = 1:    28.00000000
l.o. = 12, l = 1, order = 2:    28.00000000
l.o. = 13, l = 1, order = 1:    45.40000000
l.o. = 13, l = 1, order = 2:    45.40000000
l.o. = 14, l = 1, order = 1:    66.90000000
l.o. = 14, l = 1, order = 2:    66.90000000
l.o. = 15, l = 1, order = 1:    92.30000000
l.o. = 15, l = 1, order = 2:    92.30000000
l.o. = 16, l = 2, order = 1:   0.1500000000
l.o. = 16, l = 2, order = 2:   0.1500000000
l.o. = 17, l = 2, order = 1:   0.1500000000
l.o. = 17, l = 2, order = 2:   0.1500000000
l.o. = 18, l = 2, order = 1:    10.80000000
l.o. = 18, l = 2, order = 2:    10.80000000
l.o. = 19, l = 2, order = 1:    22.30000000
l.o. = 19, l = 2, order = 2:    22.30000000
l.o. = 20, l = 2, order = 1:    37.80000000
l.o. = 20, l = 2, order = 2:    37.80000000
l.o. = 21, l = 2, order = 1:    57.30000000
l.o. = 21, l = 2, order = 2:    57.30000000
l.o. = 22, l = 2, order = 1:    80.70000000
l.o. = 22, l = 2, order = 2:    80.70000000

Species: 2(O), atom: 2
APW
functions:
l = 0, order = 1:  -0.4125000000E-01
l = 0, order = 2:  -0.4125000000E-01
l = 1, order = 1:   0.1500000000
l = 1, order = 2:   0.1500000000
l = 2, order = 1:   0.1500000000
l = 2, order = 2:   0.1500000000
l = 3, order = 1:   0.1500000000
l = 3, order = 2:   0.1500000000
l = 4, order = 1:   0.1500000000
l = 4, order = 2:   0.1500000000
l = 5, order = 1:   0.1500000000
l = 5, order = 2:   0.1500000000
l = 6, order = 1:   0.1500000000
l = 6, order = 2:   0.1500000000
l = 7, order = 1:   0.1500000000
l = 7, order = 2:   0.1500000000
l = 8, order = 1:   0.1500000000
l = 8, order = 2:   0.1500000000
local - orbital
functions:
l.o. = 1, l = 0, order = 1:  -0.4125000000E-01
l.o. = 1, l = 0, order = 2:  -0.4125000000E-01
l.o. = 2, l = 0, order = 1:  -0.4125000000E-01
l.o. = 2, l = 0, order = 2:  -0.4125000000E-01
l.o. = 3, l = 0, order = 1:    5.800000000
l.o. = 3, l = 0, order = 2:    5.800000000
l.o. = 4, l = 0, order = 1:    16.70000000
l.o. = 4, l = 0, order = 2:    16.70000000
l.o. = 5, l = 0, order = 1:    31.90000000
l.o. = 5, l = 0, order = 2:    31.90000000
l.o. = 6, l = 0, order = 1:    51.20000000
l.o. = 6, l = 0, order = 2:    51.20000000
l.o. = 7, l = 0, order = 1:    74.60000000
l.o. = 7, l = 0, order = 2:    74.60000000
l.o. = 8, l = 1, order = 1:   0.1500000000
l.o. = 8, l = 1, order = 2:   0.1500000000
l.o. = 9, l = 1, order = 1:   0.1500000000
l.o. = 9, l = 1, order = 2:   0.1500000000
l.o. = 10, l = 1, order = 1:    5.300000000
l.o. = 10, l = 1, order = 2:    5.300000000
l.o. = 11, l = 1, order = 1:    14.60000000
l.o. = 11, l = 1, order = 2:    14.60000000
l.o. = 12, l = 1, order = 1:    28.00000000
l.o. = 12, l = 1, order = 2:    28.00000000
l.o. = 13, l = 1, order = 1:    45.40000000
l.o. = 13, l = 1, order = 2:    45.40000000
l.o. = 14, l = 1, order = 1:    66.90000000
l.o. = 14, l = 1, order = 2:    66.90000000
l.o. = 15, l = 1, order = 1:    92.30000000
l.o. = 15, l = 1, order = 2:    92.30000000
l.o. = 16, l = 2, order = 1:   0.1500000000
l.o. = 16, l = 2, order = 2:   0.1500000000
l.o. = 17, l = 2, order = 1:   0.1500000000
l.o. = 17, l = 2, order = 2:   0.1500000000
l.o. = 18, l = 2, order = 1:    10.80000000
l.o. = 18, l = 2, order = 2:    10.80000000
l.o. = 19, l = 2, order = 1:    22.30000000
l.o. = 19, l = 2, order = 2:    22.30000000
l.o. = 20, l = 2, order = 1:    37.80000000
l.o. = 20, l = 2, order = 2:    37.80000000
l.o. = 21, l = 2, order = 1:    57.30000000
l.o. = 21, l = 2, order = 2:    57.30000000
l.o. = 22, l = 2, order = 1:    80.70000000
l.o. = 22, l = 2, order = 2:    80.70000000